# JRE version: OpenJDK Runtime Environment Temurin-21.0.3+9 (21.0.3+9) (build 21.0.3+9-LTS)
# Java VM: OpenJDK 64-Bit Server VM Temurin-21.0.3+9 (21.0.3+9-LTS, mixed mode, emulated-client, tiered, compressed oops, compressed class ptrs, g1 gc, windows-amd64)
GC Precious Log:
 CardTable entry size: 512
 Card Set container configuration: InlinePtr #cards 4 size 8 Array Of Cards #cards 32 size 80 Howl #buckets 8 coarsen threshold 7372 Howl Bitmap #cards 1024 size 144 coarsen threshold 921 Card regions per heap region 1 cards per card region 8192
 CPUs: 12 total, 12 available
 Memory: 32671M
 Large Page Support: Disabled
 NUMA Support: Disabled
 Compressed Oops: Enabled (Zero based)
 Heap Region Size: 4M
 Heap Min Capacity: 8M
 Heap Initial Capacity: 512M
 Heap Max Capacity: 8168M
 Pre-touch: Disabled
 Parallel Workers: 10
 Concurrent Workers: 3
 Concurrent Refinement Workers: 10
 Periodic GC: Disabled
Heap:
 garbage-first heap   total 192512K, used 71585K [0x0000000601800000, 0x0000000800000000)
  region size 4096K, 7 young (28672K), 2 survivors (8192K)
 Metaspace       used 92075K, committed 93056K, reserved 1179648K
  class space    used 12331K, committed 12736K, reserved 1048576K
GC Heap History (20 events):
Event: 5.412 GC heap before
{Heap before GC invocations=18 (full 0):
 garbage-first heap   total 122880K, used 96653K [0x0000000601800000, 0x0000000800000000)
  region size 4096K, 18 young (73728K), 3 survivors (12288K)
 Metaspace       used 81579K, committed 82176K, reserved 1179648K
  class space    used 10745K, committed 11008K, reserved 1048576K
}
Event: 5.418 GC heap after
{Heap after GC invocations=19 (full 0):
 garbage-first heap   total 122880K, used 40764K [0x0000000601800000, 0x0000000800000000)
  region size 4096K, 3 young (12288K), 3 survivors (12288K)
 Metaspace       used 81579K, committed 82176K, reserved 1179648K
  class space    used 10745K, committed 11008K, reserved 1048576K
}
Event: 5.808 GC heap before
{Heap before GC invocations=19 (full 0):
 garbage-first heap   total 122880K, used 102204K [0x0000000601800000, 0x0000000800000000)
  region size 4096K, 18 young (73728K), 3 survivors (12288K)
 Metaspace       used 84954K, committed 85632K, reserved 1179648K
  class space    used 11276K, committed 11584K, reserved 1048576K
}
Event: 5.813 GC heap after
{Heap after GC invocations=20 (full 0):
 garbage-first heap   total 122880K, used 44557K [0x0000000601800000, 0x0000000800000000)
  region size 4096K, 3 young (12288K), 3 survivors (12288K)
 Metaspace       used 84954K, committed 85632K, reserved 1179648K
  class space    used 11276K, committed 11584K, reserved 1048576K
}
Event: 6.284 GC heap before
{Heap before GC invocations=20 (full 0):
 garbage-first heap   total 122880K, used 97805K [0x0000000601800000, 0x0000000800000000)
  region size 4096K, 16 young (65536K), 3 survivors (12288K)
 Metaspace       used 88251K, committed 88896K, reserved 1179648K
  class space    used 11795K, committed 12096K, reserved 1048576K
}
Event: 6.289 GC heap after
{Heap after GC invocations=21 (full 0):
 garbage-first heap   total 323584K, used 48658K [0x0000000601800000, 0x0000000800000000)
  region size 4096K, 2 young (8192K), 2 survivors (8192K)
 Metaspace       used 88251K, committed 88896K, reserved 1179648K
  class space    used 11795K, committed 12096K, reserved 1048576K
}
Event: 6.467 GC heap before
{Heap before GC invocations=21 (full 0):
 garbage-first heap   total 323584K, used 69138K [0x0000000601800000, 0x0000000800000000)
  region size 4096K, 8 young (32768K), 2 survivors (8192K)
 Metaspace       used 89182K, committed 89856K, reserved 1179648K
  class space    used 11918K, committed 12224K, reserved 1048576K
}
Event: 6.471 GC heap after
{Heap after GC invocations=22 (full 0):
 garbage-first heap   total 323584K, used 48802K [0x0000000601800000, 0x0000000800000000)
  region size 4096K, 2 young (8192K), 2 survivors (8192K)
 Metaspace       used 89182K, committed 89856K, reserved 1179648K
  class space    used 11918K, committed 12224K, reserved 1048576K
}
Event: 7.346 GC heap before
{Heap before GC invocations=23 (full 0):
 garbage-first heap   total 192512K, used 155298K [0x0000000601800000, 0x0000000800000000)
  region size 4096K, 28 young (114688K), 2 survivors (8192K)
 Metaspace       used 89308K, committed 90048K, reserved 1179648K
  class space    used 11945K, committed 12288K, reserved 1048576K
}
Event: 7.350 GC heap after
{Heap after GC invocations=24 (full 0):
 garbage-first heap   total 192512K, used 49739K [0x0000000601800000, 0x0000000800000000)
  region size 4096K, 3 young (12288K), 3 survivors (12288K)
 Metaspace       used 89308K, committed 90048K, reserved 1179648K
  class space    used 11945K, committed 12288K, reserved 1048576K
}
Event: 7.889 GC heap before
{Heap before GC invocations=24 (full 0):
 garbage-first heap   total 192512K, used 152139K [0x0000000601800000, 0x0000000800000000)
  region size 4096K, 28 young (114688K), 3 survivors (12288K)
 Metaspace       used 89308K, committed 90048K, reserved 1179648K
  class space    used 11945K, committed 12288K, reserved 1048576K
}
Event: 7.893 GC heap after
{Heap after GC invocations=25 (full 0):
 garbage-first heap   total 192512K, used 50594K [0x0000000601800000, 0x0000000800000000)
  region size 4096K, 3 young (12288K), 3 survivors (12288K)
 Metaspace       used 89308K, committed 90048K, reserved 1179648K
  class space    used 11945K, committed 12288K, reserved 1048576K
}
Event: 8.451 GC heap before
{Heap before GC invocations=25 (full 0):
 garbage-first heap   total 192512K, used 152994K [0x0000000601800000, 0x0000000800000000)
  region size 4096K, 28 young (114688K), 3 survivors (12288K)
 Metaspace       used 89309K, committed 90048K, reserved 1179648K
  class space    used 11946K, committed 12288K, reserved 1048576K
}
Event: 8.455 GC heap after
{Heap after GC invocations=26 (full 0):
 garbage-first heap   total 192512K, used 51707K [0x0000000601800000, 0x0000000800000000)
  region size 4096K, 2 young (8192K), 2 survivors (8192K)
 Metaspace       used 89309K, committed 90048K, reserved 1179648K
  class space    used 11946K, committed 12288K, reserved 1048576K
}
Event: 9.000 GC heap before
{Heap before GC invocations=26 (full 0):
 garbage-first heap   total 192512K, used 158203K [0x0000000601800000, 0x0000000800000000)
  region size 4096K, 28 young (114688K), 2 survivors (8192K)
 Metaspace       used 89309K, committed 90048K, reserved 1179648K
  class space    used 11946K, committed 12288K, reserved 1048576K
}
Event: 9.005 GC heap after
{Heap after GC invocations=27 (full 0):
 garbage-first heap   total 192512K, used 52728K [0x0000000601800000, 0x0000000800000000)
  region size 4096K, 3 young (12288K), 3 survivors (12288K)
 Metaspace       used 89309K, committed 90048K, reserved 1179648K
  class space    used 11946K, committed 12288K, reserved 1048576K
}
Event: 170.655 GC heap before
{Heap before GC invocations=27 (full 0):
 garbage-first heap   total 192512K, used 155128K [0x0000000601800000, 0x0000000800000000)
  region size 4096K, 28 young (114688K), 3 survivors (12288K)
 Metaspace       used 92010K, committed 92736K, reserved 1179648K
  class space    used 12346K, committed 12672K, reserved 1048576K
}
Event: 170.660 GC heap after
{Heap after GC invocations=28 (full 0):
 garbage-first heap   total 192512K, used 54733K [0x0000000601800000, 0x0000000800000000)
  region size 4096K, 3 young (12288K), 3 survivors (12288K)
 Metaspace       used 92010K, committed 92736K, reserved 1179648K
  class space    used 12346K, committed 12672K, reserved 1048576K
}
Event: 185.881 GC heap before
{Heap before GC invocations=28 (full 0):
 garbage-first heap   total 192512K, used 62925K [0x0000000601800000, 0x0000000800000000)
  region size 4096K, 6 young (24576K), 3 survivors (12288K)
 Metaspace       used 92238K, committed 92992K, reserved 1179648K
  class space    used 12377K, committed 12672K, reserved 1048576K
}
Event: 185.886 GC heap after
{Heap after GC invocations=29 (full 0):
 garbage-first heap   total 192512K, used 55201K [0x0000000601800000, 0x0000000800000000)
  region size 4096K, 2 young (8192K), 2 survivors (8192K)
 Metaspace       used 92238K, committed 92992K, reserved 1179648K
  class space    used 12377K, committed 12672K, reserved 1048576K
}

